

<!DOCTYPE html>
<html>
<head>
<meta charset="UTF-8">
<meta name="viewport" content="width=device-width, initial-scale=1, shrink-to-fit=no">
<title></title>
<link rel="apple-touch-icon" href="https://cdn.jsdelivr.net/gh/extent-framework/extent-github-cdn@b00a2d0486596e73dd7326beacf352c639623a0e/commons/img/logo.png">
<link rel="shortcut icon" href="https://cdn.jsdelivr.net/gh/extent-framework/extent-github-cdn@b00a2d0486596e73dd7326beacf352c639623a0e/commons/img/logo.png">
<link href="https://cdn.jsdelivr.net/gh/extent-framework/extent-github-cdn@d6562a79075e061305ccfdb82f01e5e195e2d307/spark/css/spark-style.css" rel="stylesheet" />
<link href="https://stackpath.bootstrapcdn.com/font-awesome/4.7.0/css/font-awesome.min.css" rel="stylesheet">
<script src="https://cdn.jsdelivr.net/gh/extent-framework/extent-github-cdn@7cc78ce/spark/js/jsontree.js"></script>
<style type="text/css"></style></head><body class="spa bdd-report standard">
  <div class="app">
    <div class="layout">
<div class="header navbar">
<div class="vheader">
<div class="nav-logo">
<a href="#">
<div class="logo" style="background-image: url('https://cdn.jsdelivr.net/gh/extent-framework/extent-github-cdn@b00a2d0486596e73dd7326beacf352c639623a0e/commons/img/logo.png')"></div>
</a>
</div>
<ul class="nav-left">
<li class="search-box">
<a class="search-toggle" href="#">
<i class="search-icon fa fa-search"></i>
<i class="search-icon-close fa fa-close"></i>
</a>
</li>
<li class="search-input"><input id="search-tests" class="form-control" type="text" placeholder="Search..."></li>
</ul>
<ul class="nav-right">
<li class="m-r-10">
<a href="#"><span class="badge badge-primary"></span></a>
</li>
<li class="m-r-10">
<a href="#"><span class="badge badge-primary">Oct 8, 2023 06:09:56 PM</span></a>
</li>
</ul>
</div>
</div><div class="side-nav">
<div class="side-nav-inner">
<ul class="side-nav-menu">
<li class="nav-item dropdown" onclick="toggleView('test-view')">
<a id="nav-test" class="dropdown-toggle" href="#">
<span class="ico"><i class="fa fa-list"></i></span>
</a>
</li>
<li class="nav-item dropdown" onclick="toggleView('exception-view')">
<a id="nav-exception" class="dropdown-toggle" href="#">
<span class="ico"><i class="fa fa-bug"></i></span>
</a>
</li>
<li class="nav-item dropdown" onclick="toggleView('category-view')">
<a id="nav-category" class="dropdown-toggle" href="#">
<span class="ico"><i class="fa fa-tag"></i></span>
</a>
</li>
<li class="nav-item dropdown" onclick="toggleView('dashboard-view')">
<a id="nav-dashboard" class="dropdown-toggle" href="#">
<span class="ico"><i class="fa fa-bar-chart"></i></span>
</a>
</li>
</ul>
</div>
</div>      <div class="vcontainer">
        <div class="main-content">
<div class="test-wrapper row view test-view">
  <div class="test-list">
    <div class="test-list-tools">
<ul class="tools pull-left">
<li><a href="#"><span class="font-size-14">Tests</span></a></li>
</ul>
<ul class="tools text-right">
<li class="dropdown">
<a href="#" class="dropdown-toggle" data-toggle="dropdown"><i class="fa fa-exclamation-circle"></i></a>
<ul id="status-toggle" class="dropdown-menu dropdown-md p-v-0">
<a class="dropdown-item" status="fail" href="#"><span>Fail</span><span class="status danger"></span></a>
<div class="dropdown-divider"></div>
<a status="clear" class="dropdown-item" href="#"><span>Clear</span><span class="pull-right"><i class="fa fa-close"></i></span></a>
</ul>
</li>
<li class="dropdown">
<a href="#" class="dropdown-toggle" data-toggle="dropdown"><i class="fa fa-tag"></i></a>
<ul id="tag-toggle" class="dropdown-menu dropdown-md p-v-0">
<a class="dropdown-item" href="#">@t2</a><a class="dropdown-item" href="#">@t4</a><a class="dropdown-item" href="#">@t3</a><a class="dropdown-item" href="#">@t1</a><a class="dropdown-item" href="#">@t5</a>
</ul>
</li>
</ul>
</div>    <div class="test-list-wrapper scrollable">
      <ul class="test-list-item">
        <li class="test-item"  status="fail" test-id="1"
          author=""
          tag=""
          device="">
          <div class="test-detail">
            <p class="name">Create free account & sign in Account</p>
            <p class="text-sm">
              <span>6:09:57 PM</span> / <span>00:02:43:938</span>
              <span class="badge fail-bg log float-right">Fail</span>
            </p>
          </div>
          <div class="test-contents d-none">
<div class="detail-head">
<div class="p-v-10">
<div class="info">
<h5 class="test-status text-fail">Create free account & sign in Account</h5>
<span class='badge badge-success'>10.08.2023 6:09:57 PM</span>
<span class='badge badge-danger'>10.08.2023 6:12:41 PM</span>
<span class='badge badge-default'>00:02:43:938</span>
&middot; <span class='uri-anchor badge badge-default'>#test-id=1</span>
<span class='badge badge-default pointer float-right ml-1 et'><i class="fa fa-chevron-down"></i></span>
<span class='badge badge-default pointer float-right ct'><i class="fa fa-chevron-up"></i></span>
</div>
<div class="m-t-10 m-l-5"></div>
</div>
</div>
<div class="accordion mt-4">
  <div class="card">
    <div class="card-header" role="tab">
      <div class="card-title">
        <div class="node" id="2"><span class="badge log fail-bg mr-2">Fail</span>verify user able to create account in CNBC</div>
          <div class="status-avatar float-right mr-4">
            <i class="fa fa-paperclip"></i>
          </div>
      </div>
    </div>
        <div class="">
          <div class="card-body">
              <div class="step pass-bg" title="StepDefinitions.CreateAccountAndSignin.user_launch_browser()">
                <span>Given User launch browser</span>
      <div>
      </div>
              </div>
              <div class="step pass-bg" title="StepDefinitions.CreateAccountAndSignin.user_opens_url(java.lang.String)">
                <span>When user opens URL "https://www.cnbc.com/"</span>
      <div>
      </div>
              </div>
              <div class="step pass-bg" title="StepDefinitions.CreateAccountAndSignin.click_on_sign_in_button_in_cnbc_dashboard()">
                <span>And click on sign in button in CNBC dashboard</span>
      <div>
      </div>
              </div>
              <div class="step pass-bg" title="StepDefinitions.CreateAccountAndSignin.click_on_create_free_account_link_in_sign_in_page()">
                <span>And click on create free account link in sign in page</span>
      <div>
      </div>
              </div>
              <div class="step pass-bg" title="StepDefinitions.CreateAccountAndSignin.enter_valid_email_address(java.lang.String)">
                <span>And enter valid email address "newaccount@gmail.com"</span>
      <div>
      </div>
              </div>
              <div class="step pass-bg" title="StepDefinitions.CreateAccountAndSignin.enter_valid_password(java.lang.String)">
                <span>And enter valid password "Lovelesh1*"</span>
      <div>
      </div>
              </div>
              <div class="step pass-bg" title="StepDefinitions.CreateAccountAndSignin.select_the_checkbox_to_accept_cnbc_terms_of_service_and_privacy_policy()">
                <span>And select the checkbox to accept CNBC terms of service and privacy policy</span>
      <div>
      </div>
              </div>
              <div class="step pass-bg" title="StepDefinitions.CreateAccountAndSignin.click_on_create_account_button()">
                <span>And click on create account button</span>
      <div>
      </div>
              </div>
              <div class="step fail-bg" title="StepDefinitions.Profilepage.verify_system_displaying_message(java.lang.String)">
                <span>Then verify system displaying message "Thank you for creating a CNBC account  ."</span>
      <div>
        <textarea disabled class="code-block">org.openqa.selenium.TimeoutException: Expected condition failed: waiting for presence of element located by: By.xpath: //*[text()='Thank you for creating a CNBC account  .'] (tried for 60 second(s) with 500 milliseconds interval)
	at org.openqa.selenium.support.ui.WebDriverWait.timeoutException(WebDriverWait.java:84)
	at org.openqa.selenium.support.ui.FluentWait.until(FluentWait.java:230)
	at StepDefinitions.BaseClass.validateMessage(BaseClass.java:47)
	at StepDefinitions.Profilepage.verify_system_displaying_message(Profilepage.java:60)
	at ?.verify system displaying message "Thank you for creating a CNBC account  ."(file:///C:/Users/lovelesh/Downloads/CNBC/./Features/CreateNewAccount.feature:13)
Caused by: org.openqa.selenium.NoSuchElementException: no such element: Unable to locate element: {"method":"xpath","selector":"//*[text()='Thank you for creating a CNBC account  .']"}
  (Session info: chrome=117.0.5938.134)
For documentation on this error, please visit: https://www.selenium.dev/documentation/webdriver/troubleshooting/errors#no-such-element-exception
Build info: version: '4.11.0', revision: '040bc5406b'
System info: os.name: 'Windows 10', os.arch: 'amd64', os.version: '10.0', java.version: '15.0.2'
Driver info: org.openqa.selenium.chrome.ChromeDriver
Command: [42ff45f10f12f01e7a1877f76b495da8, findElement {using=xpath, value=//*[text()='Thank you for creating a CNBC account  .']}]
Capabilities {acceptInsecureCerts: false, browserName: chrome, browserVersion: 117.0.5938.134, chrome: {chromedriverVersion: 117.0.5938.149 (e3344ddefa1..., userDataDir: C:\Users\lovelesh\AppData\L...}, fedcm:accounts: true, goog:chromeOptions: {debuggerAddress: localhost:50461}, networkConnectionEnabled: false, pageLoadStrategy: normal, platformName: windows, proxy: Proxy(), se:cdp: ws://localhost:50461/devtoo..., se:cdpVersion: 117.0.5938.134, setWindowRect: true, strictFileInteractability: false, timeouts: {implicit: 0, pageLoad: 300000, script: 30000}, unhandledPromptBehavior: dismiss and notify, webauthn:extension:credBlob: true, webauthn:extension:largeBlob: true, webauthn:extension:minPinLength: true, webauthn:extension:prf: true, webauthn:virtualAuthenticators: true}
Session ID: 42ff45f10f12f01e7a1877f76b495da8
	at jdk.internal.reflect.GeneratedConstructorAccessor18.newInstance(Unknown Source)
	at java.base/jdk.internal.reflect.DelegatingConstructorAccessorImpl.newInstance(DelegatingConstructorAccessorImpl.java:45)
	at java.base/java.lang.reflect.Constructor.newInstanceWithCaller(Constructor.java:500)
	at java.base/java.lang.reflect.Constructor.newInstance(Constructor.java:481)
	at org.openqa.selenium.remote.codec.w3c.W3CHttpResponseCodec.createException(W3CHttpResponseCodec.java:200)
	at org.openqa.selenium.remote.codec.w3c.W3CHttpResponseCodec.decode(W3CHttpResponseCodec.java:133)
	at org.openqa.selenium.remote.codec.w3c.W3CHttpResponseCodec.decode(W3CHttpResponseCodec.java:52)
	at org.openqa.selenium.remote.HttpCommandExecutor.execute(HttpCommandExecutor.java:191)
	at org.openqa.selenium.remote.service.DriverCommandExecutor.invokeExecute(DriverCommandExecutor.java:196)
	at org.openqa.selenium.remote.service.DriverCommandExecutor.execute(DriverCommandExecutor.java:171)
	at org.openqa.selenium.remote.RemoteWebDriver.execute(RemoteWebDriver.java:518)
	at org.openqa.selenium.remote.ElementLocation$ElementFinder$2.findElement(ElementLocation.java:165)
	at org.openqa.selenium.remote.ElementLocation.findElement(ElementLocation.java:59)
	at org.openqa.selenium.remote.RemoteWebDriver.findElement(RemoteWebDriver.java:355)
	at org.openqa.selenium.remote.RemoteWebDriver.findElement(RemoteWebDriver.java:349)
	at org.openqa.selenium.support.ui.ExpectedConditions$6.apply(ExpectedConditions.java:171)
	at org.openqa.selenium.support.ui.ExpectedConditions$6.apply(ExpectedConditions.java:168)
	at org.openqa.selenium.support.ui.FluentWait.until(FluentWait.java:205)
	at StepDefinitions.BaseClass.validateMessage(BaseClass.java:47)
	at StepDefinitions.Profilepage.verify_system_displaying_message(Profilepage.java:60)
	at java.base/jdk.internal.reflect.NativeMethodAccessorImpl.invoke0(Native Method)
	at java.base/jdk.internal.reflect.NativeMethodAccessorImpl.invoke(NativeMethodAccessorImpl.java:64)
	at java.base/jdk.internal.reflect.DelegatingMethodAccessorImpl.invoke(DelegatingMethodAccessorImpl.java:43)
	at java.base/java.lang.reflect.Method.invoke(Method.java:564)
	at io.cucumber.java.Invoker.doInvoke(Invoker.java:66)
	at io.cucumber.java.Invoker.invoke(Invoker.java:24)
	at io.cucumber.java.AbstractGlueDefinition.invokeMethod(AbstractGlueDefinition.java:47)
	at io.cucumber.java.JavaStepDefinition.execute(JavaStepDefinition.java:29)
	at io.cucumber.core.runner.CoreStepDefinition.execute(CoreStepDefinition.java:66)
	at io.cucumber.core.runner.PickleStepDefinitionMatch.runStep(PickleStepDefinitionMatch.java:63)
	at io.cucumber.core.runner.ExecutionMode$1.execute(ExecutionMode.java:10)
	at io.cucumber.core.runner.TestStep.executeStep(TestStep.java:84)
	at io.cucumber.core.runner.TestStep.run(TestStep.java:56)
	at io.cucumber.core.runner.PickleStepTestStep.run(PickleStepTestStep.java:51)
	at io.cucumber.core.runner.TestCase.run(TestCase.java:84)
	at io.cucumber.core.runner.Runner.runPickle(Runner.java:75)
	at io.cucumber.junit.PickleRunners$NoStepDescriptions.lambda$run$0(PickleRunners.java:151)
	at io.cucumber.core.runtime.CucumberExecutionContext.lambda$runTestCase$5(CucumberExecutionContext.java:137)
	at io.cucumber.core.runtime.RethrowingThrowableCollector.executeAndThrow(RethrowingThrowableCollector.java:23)
	at io.cucumber.core.runtime.CucumberExecutionContext.runTestCase(CucumberExecutionContext.java:137)
	at io.cucumber.junit.PickleRunners$NoStepDescriptions.run(PickleRunners.java:148)
	at io.cucumber.junit.FeatureRunner.runChild(FeatureRunner.java:144)
	at io.cucumber.junit.FeatureRunner.runChild(FeatureRunner.java:28)
	at org.junit.runners.ParentRunner$4.run(ParentRunner.java:331)
	at org.junit.runners.ParentRunner$1.schedule(ParentRunner.java:79)
	at org.junit.runners.ParentRunner.runChildren(ParentRunner.java:329)
	at org.junit.runners.ParentRunner.access$100(ParentRunner.java:66)
	at org.junit.runners.ParentRunner$2.evaluate(ParentRunner.java:293)
	at org.junit.runners.ParentRunner$3.evaluate(ParentRunner.java:306)
	at org.junit.runners.ParentRunner.run(ParentRunner.java:413)
	at io.cucumber.junit.FeatureRunner.run(FeatureRunner.java:137)
	at io.cucumber.junit.Cucumber.runChild(Cucumber.java:196)
	at io.cucumber.junit.Cucumber.runChild(Cucumber.java:89)
	at org.junit.runners.ParentRunner$4.run(ParentRunner.java:331)
	at org.junit.runners.ParentRunner$1.schedule(ParentRunner.java:79)
	at org.junit.runners.ParentRunner.runChildren(ParentRunner.java:329)
	at org.junit.runners.ParentRunner.access$100(ParentRunner.java:66)
	at org.junit.runners.ParentRunner$2.evaluate(ParentRunner.java:293)
	at io.cucumber.core.runtime.CucumberExecutionContext.lambda$runFeatures$6(CucumberExecutionContext.java:148)
	at io.cucumber.core.runtime.CucumberExecutionContext.execute(CucumberExecutionContext.java:163)
	at io.cucumber.core.runtime.CucumberExecutionContext.runFeatures(CucumberExecutionContext.java:146)
	at io.cucumber.junit.Cucumber$StartAndFinishTestRun.evaluate(Cucumber.java:226)
	at org.junit.runners.ParentRunner$3.evaluate(ParentRunner.java:306)
	at org.junit.runners.ParentRunner.run(ParentRunner.java:413)
	at org.eclipse.jdt.internal.junit4.runner.JUnit4TestReference.run(JUnit4TestReference.java:89)
	at org.eclipse.jdt.internal.junit.runner.TestExecution.run(TestExecution.java:40)
	at org.eclipse.jdt.internal.junit.runner.RemoteTestRunner.runTests(RemoteTestRunner.java:541)
	at org.eclipse.jdt.internal.junit.runner.RemoteTestRunner.runTests(RemoteTestRunner.java:768)
	at org.eclipse.jdt.internal.junit.runner.RemoteTestRunner.run(RemoteTestRunner.java:464)
	at org.eclipse.jdt.internal.junit.runner.RemoteTestRunner.main(RemoteTestRunner.java:210)
</textarea>
      
      </div>
              </div>
              <div class="step pass-bg" title="AFTER_STEP">
                <span>StepDefinitions.CreateAccountAndSignin.addScreenshot(io.cucumber.java.Scenario)</span>
      <div>verify user able to create account in CNBC
          <div class="row mb-3"><div class="col-md-3">
<img data-featherlight='../Screenshots/embedded1.png' src="../Screenshots/embedded1.png">
    
    </div></div>
</div>
      <div>
      </div>
              </div>
              <div class="step skip-bg" title="StepDefinitions.CreateAccountAndSignin.click_on_done_button()">
                <span>When click on done button</span>
      <div>Step skipped
      </div>
              </div>
          </div>
        </div>
  </div>
  <div class="card">
    <div class="card-header" role="tab">
      <div class="card-title">
        <div class="node" id="25"><span class="badge log pass-bg mr-2">Pass</span>verify system throwing error message when existing user trying to create account</div>
      </div>
    </div>
        <div class="collapse">
          <div class="card-body">
              <div class="step pass-bg" title="StepDefinitions.CreateAccountAndSignin.user_launch_browser()">
                <span>Given User launch browser</span>
      <div>
      </div>
              </div>
              <div class="step pass-bg" title="StepDefinitions.CreateAccountAndSignin.user_opens_url(java.lang.String)">
                <span>When user opens URL "https://www.cnbc.com/"</span>
      <div>
      </div>
              </div>
              <div class="step pass-bg" title="StepDefinitions.CreateAccountAndSignin.click_on_sign_in_button_in_cnbc_dashboard()">
                <span>And click on sign in button in CNBC dashboard</span>
      <div>
      </div>
              </div>
              <div class="step pass-bg" title="StepDefinitions.CreateAccountAndSignin.click_on_create_free_account_link_in_sign_in_page()">
                <span>And click on create free account link in sign in page</span>
      <div>
      </div>
              </div>
              <div class="step pass-bg" title="StepDefinitions.CreateAccountAndSignin.enter_valid_email_address(java.lang.String)">
                <span>And enter valid email address "yadav.lovelesh15@gmail.com"</span>
      <div>
      </div>
              </div>
              <div class="step pass-bg" title="StepDefinitions.CreateAccountAndSignin.enter_valid_password(java.lang.String)">
                <span>And enter valid password "Lovelesh1*"</span>
      <div>
      </div>
              </div>
              <div class="step pass-bg" title="StepDefinitions.CreateAccountAndSignin.select_the_checkbox_to_accept_cnbc_terms_of_service_and_privacy_policy()">
                <span>And select the checkbox to accept CNBC terms of service and privacy policy</span>
      <div>
      </div>
              </div>
              <div class="step pass-bg" title="StepDefinitions.CreateAccountAndSignin.click_on_create_account_button()">
                <span>And click on create account button</span>
      <div>
      </div>
              </div>
              <div class="step pass-bg" title="StepDefinitions.CreateAccountAndSignin.verify_system_throwing_error_message(java.lang.String)">
                <span>Then verify system throwing error message "An account with this email address already exists."</span>
      <div>
      </div>
              </div>
          </div>
        </div>
  </div>
  <div class="card">
    <div class="card-header" role="tab">
      <div class="card-title">
        <div class="node" id="46"><span class="badge log pass-bg mr-2">Pass</span>verify system throwing error message when user trying to create account with invalid email</div>
      </div>
    </div>
        <div class="collapse">
          <div class="card-body">
              <div class="step pass-bg" title="StepDefinitions.CreateAccountAndSignin.user_launch_browser()">
                <span>Given User launch browser</span>
      <div>
      </div>
              </div>
              <div class="step pass-bg" title="StepDefinitions.CreateAccountAndSignin.user_opens_url(java.lang.String)">
                <span>When user opens URL "https://www.cnbc.com/"</span>
      <div>
      </div>
              </div>
              <div class="step pass-bg" title="StepDefinitions.CreateAccountAndSignin.click_on_sign_in_button_in_cnbc_dashboard()">
                <span>And click on sign in button in CNBC dashboard</span>
      <div>
      </div>
              </div>
              <div class="step pass-bg" title="StepDefinitions.CreateAccountAndSignin.click_on_create_free_account_link_in_sign_in_page()">
                <span>And click on create free account link in sign in page</span>
      <div>
      </div>
              </div>
              <div class="step pass-bg" title="StepDefinitions.CreateAccountAndSignin.enter_valid_email_address(java.lang.String)">
                <span>And enter valid email address "yadav.lovelesh15@cmail.com"</span>
      <div>
      </div>
              </div>
              <div class="step pass-bg" title="StepDefinitions.CreateAccountAndSignin.enter_valid_password(java.lang.String)">
                <span>And enter valid password "Lovelesh1*"</span>
      <div>
      </div>
              </div>
              <div class="step pass-bg" title="StepDefinitions.CreateAccountAndSignin.select_the_checkbox_to_accept_cnbc_terms_of_service_and_privacy_policy()">
                <span>And select the checkbox to accept CNBC terms of service and privacy policy</span>
      <div>
      </div>
              </div>
              <div class="step pass-bg" title="StepDefinitions.CreateAccountAndSignin.click_on_create_account_button()">
                <span>And click on create account button</span>
      <div>
      </div>
              </div>
              <div class="step pass-bg" title="StepDefinitions.CreateAccountAndSignin.verify_system_displaying_error_message(java.lang.String)">
                <span>Then verify system displaying error message "Please enter a valid email address."</span>
      <div>
      </div>
              </div>
          </div>
        </div>
  </div>
  <div class="card">
    <div class="card-header" role="tab">
      <div class="card-title">
        <div class="node" id="67"><span class="badge log pass-bg mr-2">Pass</span>verify system throwing error message when user trying to create account without accepting terms and conditions</div>
      </div>
    </div>
        <div class="collapse">
          <div class="card-body">
              <div class="step pass-bg" title="StepDefinitions.CreateAccountAndSignin.user_launch_browser()">
                <span>Given User launch browser</span>
      <div>
      </div>
              </div>
              <div class="step pass-bg" title="StepDefinitions.CreateAccountAndSignin.user_opens_url(java.lang.String)">
                <span>When user opens URL "https://www.cnbc.com/"</span>
      <div>
      </div>
              </div>
              <div class="step pass-bg" title="StepDefinitions.CreateAccountAndSignin.click_on_sign_in_button_in_cnbc_dashboard()">
                <span>And click on sign in button in CNBC dashboard</span>
      <div>
      </div>
              </div>
              <div class="step pass-bg" title="StepDefinitions.CreateAccountAndSignin.click_on_create_free_account_link_in_sign_in_page()">
                <span>And click on create free account link in sign in page</span>
      <div>
      </div>
              </div>
              <div class="step pass-bg" title="StepDefinitions.CreateAccountAndSignin.enter_valid_email_address(java.lang.String)">
                <span>And enter valid email address "yadav.lovelesh15@cmail.com"</span>
      <div>
      </div>
              </div>
              <div class="step pass-bg" title="StepDefinitions.CreateAccountAndSignin.enter_valid_password(java.lang.String)">
                <span>And enter valid password "Lovelesh1*"</span>
      <div>
      </div>
              </div>
              <div class="step pass-bg" title="StepDefinitions.CreateAccountAndSignin.click_on_create_account_button()">
                <span>And click on create account button</span>
      <div>
      </div>
              </div>
              <div class="step pass-bg" title="StepDefinitions.CreateAccountAndSignin.verify_system_throwing_the_error_message_when_user_not_selected_terms_and_conditions_checkbox(java.lang.String)">
                <span>Then verify system throwing the error message "Please agree to the following terms to continue." when user not selected terms and conditions checkbox</span>
      <div>
      </div>
              </div>
          </div>
        </div>
  </div>
  <div class="card">
    <div class="card-header" role="tab">
      <div class="card-title">
        <div class="node" id="86"><span class="badge log pass-bg mr-2">Pass</span>verify system throwing error message when user clicks create account button without filling email and password fields</div>
      </div>
    </div>
        <div class="collapse">
          <div class="card-body">
              <div class="step pass-bg" title="StepDefinitions.CreateAccountAndSignin.user_launch_browser()">
                <span>Given User launch browser</span>
      <div>
      </div>
              </div>
              <div class="step pass-bg" title="StepDefinitions.CreateAccountAndSignin.user_opens_url(java.lang.String)">
                <span>When user opens URL "https://www.cnbc.com/"</span>
      <div>
      </div>
              </div>
              <div class="step pass-bg" title="StepDefinitions.CreateAccountAndSignin.click_on_sign_in_button_in_cnbc_dashboard()">
                <span>And click on sign in button in CNBC dashboard</span>
      <div>
      </div>
              </div>
              <div class="step pass-bg" title="StepDefinitions.CreateAccountAndSignin.click_on_create_free_account_link_in_sign_in_page()">
                <span>And click on create free account link in sign in page</span>
      <div>
      </div>
              </div>
              <div class="step pass-bg" title="StepDefinitions.CreateAccountAndSignin.click_on_create_account_button()">
                <span>And click on create account button</span>
      <div>
      </div>
              </div>
              <div class="step pass-bg" title="StepDefinitions.CreateAccountAndSignin.verify_system_displaying_error_message(java.lang.String)">
                <span>Then verify system displaying error message "Email is required"</span>
      <div>
      </div>
              </div>
              <div class="step pass-bg" title="StepDefinitions.CreateAccountAndSignin.verify_system_displaying_error_message(java.lang.String)">
                <span>And verify system displaying error message "Please enter a valid password"</span>
      <div>
      </div>
              </div>
          </div>
        </div>
  </div>
</div>
          </div>
        </li>
      </ul>
    </div>
  </div>
<div class="test-content scrollable">
<div class="test-content-tools">
<ul><li><a class="back-to-test" href="#"><i class="fa fa-arrow-left"></i></a></li></ul>
</div>
<div class="test-content-detail"><div class="detail-body"></div></div>
</div></div>
<div class="test-wrapper row view exception-view attributes-view">
<div class="test-list">
<div class="test-list-tools">
<ul class="tools pull-left"><li><a href=""><span class="font-size-14">Exception</span></a></li></ul>
<ul class="tools text-right"><li><a href="#"><span class="badge badge-primary">1</span></a></li></ul>
</div>
<div class="test-list-wrapper scrollable">
<ul class="test-list-item">
<li class="test-item">
<div class="test-detail">
<span class="meta">
<span class='badge log badge-danger'>1</span>
</span>
<p class="name">org.openqa.selenium.TimeoutException</p>
<p class="duration text-sm">1 tests</p>
</div>
<div class="test-contents d-none">
<div class="info">
<h4>org.openqa.selenium.TimeoutException</h4>
<span status="fail" class='badge log badge-danger'>1 failed</span>
</div>
<table class='table table-sm mt-4'>
<thead>
<tr>
<th class="status-col">Status</th>
<th class="timestamp-col">Timestamp</th>
<th>TestName</th>
</tr>
</thead>
<tbody>
<tr class="tag-test-status" status="fail">
<td><span class="badge log fail-bg">Fail</span></td>
<td>18:10:23 PM</td>
<td>
<a href="#" class="linked" test-id='1' id='20'>Then verify system displaying message "Thank you for creating a CNBC account ."</a>
<div class="">
<span class="badge badge-default">Create free account & sign in Account.verify user able to create account in CNBC.Then verify system displaying message "Thank you for creating a CNBC account ."</span>
</div>
</td>
</tr>
</tbody>
</table>
</div>
</li>
</ul>
</div>
</div>
<div class="test-content scrollable">
<div class="test-content-detail">
<div class="detail-body"></div>
</div>
</div>
</div><div class="test-wrapper row view category-view attributes-view">
<div class="test-list">
<div class="test-list-tools">
<ul class="tools pull-left"><li><a href=""><span class="font-size-14">Category</span></a></li></ul>
<ul class="tools text-right"><li><a href="#"><span class="badge badge-primary">5</span></a></li></ul>
</div>
<div class="test-list-wrapper scrollable">
<ul class="test-list-item">
<li class="test-item">
<div class="test-detail">
<span class="meta">
<span class='badge log pass-bg'>1</span>
</span>
<p class="name">@t2</p>
<p class="duration text-sm">1 tests</p>
</div>
<div class="test-contents d-none">
<div class="info">
<h4>@t2</h4>
<span status="pass" class='badge log pass-bg'>1 passed</span>
</div>
<table class='table table-sm mt-4'>
<thead>
<tr>
<th class="status-col">Status</th>
<th class="timestamp-col">Timestamp</th>
<th>TestName</th>
</tr>
</thead>
<tbody>
<tr class="tag-test-status" status="pass">
<td><span class="badge log pass-bg">Pass</span></td>
<td>18:11:25 PM</td>
<td>
<a href="#" class="linked" test-id='1' id='25'>verify system throwing error message when existing user trying to create account</a>
<div class="">
<span class="badge badge-default">Create free account & sign in Account.verify system throwing error message when existing user trying to create account</span>
</div>
</td>
</tr>
</tbody>
</table>
</div>
</li>
<li class="test-item">
<div class="test-detail">
<span class="meta">
<span class='badge log pass-bg'>1</span>
</span>
<p class="name">@t4</p>
<p class="duration text-sm">1 tests</p>
</div>
<div class="test-contents d-none">
<div class="info">
<h4>@t4</h4>
<span status="pass" class='badge log pass-bg'>1 passed</span>
</div>
<table class='table table-sm mt-4'>
<thead>
<tr>
<th class="status-col">Status</th>
<th class="timestamp-col">Timestamp</th>
<th>TestName</th>
</tr>
</thead>
<tbody>
<tr class="tag-test-status" status="pass">
<td><span class="badge log pass-bg">Pass</span></td>
<td>18:12:08 PM</td>
<td>
<a href="#" class="linked" test-id='1' id='67'>verify system throwing error message when user trying to create account without accepting terms and conditions</a>
<div class="">
<span class="badge badge-default">Create free account & sign in Account.verify system throwing error message when user trying to create account without accepting terms and conditions</span>
</div>
</td>
</tr>
</tbody>
</table>
</div>
</li>
<li class="test-item">
<div class="test-detail">
<span class="meta">
<span class='badge log pass-bg'>1</span>
</span>
<p class="name">@t3</p>
<p class="duration text-sm">1 tests</p>
</div>
<div class="test-contents d-none">
<div class="info">
<h4>@t3</h4>
<span status="pass" class='badge log pass-bg'>1 passed</span>
</div>
<table class='table table-sm mt-4'>
<thead>
<tr>
<th class="status-col">Status</th>
<th class="timestamp-col">Timestamp</th>
<th>TestName</th>
</tr>
</thead>
<tbody>
<tr class="tag-test-status" status="pass">
<td><span class="badge log pass-bg">Pass</span></td>
<td>18:11:47 PM</td>
<td>
<a href="#" class="linked" test-id='1' id='46'>verify system throwing error message when user trying to create account with invalid email</a>
<div class="">
<span class="badge badge-default">Create free account & sign in Account.verify system throwing error message when user trying to create account with invalid email</span>
</div>
</td>
</tr>
</tbody>
</table>
</div>
</li>
<li class="test-item">
<div class="test-detail">
<span class="meta">
<span class='badge log badge-danger'>1</span>
</span>
<p class="name">@t1</p>
<p class="duration text-sm">1 tests</p>
</div>
<div class="test-contents d-none">
<div class="info">
<h4>@t1</h4>
<span status="fail" class='badge log badge-danger'>1 failed</span>
</div>
<table class='table table-sm mt-4'>
<thead>
<tr>
<th class="status-col">Status</th>
<th class="timestamp-col">Timestamp</th>
<th>TestName</th>
</tr>
</thead>
<tbody>
<tr class="tag-test-status" status="fail">
<td><span class="badge log fail-bg">Fail</span></td>
<td>18:09:57 PM</td>
<td>
<a href="#" class="linked" test-id='1' id='2'>verify user able to create account in CNBC</a>
<div class="">
<span class="badge badge-default">Create free account & sign in Account.verify user able to create account in CNBC</span>
</div>
</td>
</tr>
</tbody>
</table>
</div>
</li>
<li class="test-item">
<div class="test-detail">
<span class="meta">
<span class='badge log pass-bg'>1</span>
</span>
<p class="name">@t5</p>
<p class="duration text-sm">1 tests</p>
</div>
<div class="test-contents d-none">
<div class="info">
<h4>@t5</h4>
<span status="pass" class='badge log pass-bg'>1 passed</span>
</div>
<table class='table table-sm mt-4'>
<thead>
<tr>
<th class="status-col">Status</th>
<th class="timestamp-col">Timestamp</th>
<th>TestName</th>
</tr>
</thead>
<tbody>
<tr class="tag-test-status" status="pass">
<td><span class="badge log pass-bg">Pass</span></td>
<td>18:12:25 PM</td>
<td>
<a href="#" class="linked" test-id='1' id='86'>verify system throwing error message when user clicks create account button without filling email and password fields</a>
<div class="">
<span class="badge badge-default">Create free account & sign in Account.verify system throwing error message when user clicks create account button without filling email and password fields</span>
</div>
</td>
</tr>
</tbody>
</table>
</div>
</li>
</ul>
</div>
</div>
<div class="test-content scrollable">
<div class="test-content-detail">
<div class="detail-body"></div>
</div>
</div>
</div><div class="container-fluid p-4 view dashboard-view">
<div class="row">
<div class="col-md-3">
<div class="card"><div class="card-body">
<p class="m-b-0">Started</p>
<h3>Oct 8, 2023 06:09:56 PM</h3>
</div></div>
</div>
<div class="col-md-3">
<div class="card"><div class="card-body">
<p class="m-b-0">Ended</p>
<h3>Oct 8, 2023 06:12:41 PM</h3>
</div></div>
</div>
<div class="col-md-3">
<div class="card"><div class="card-body">
<p class="m-b-0 text-pass">Features Passed</p>
<h3>0</h3>
</div></div>
</div>
<div class="col-md-3">
<div class="card"><div class="card-body">
<p class="m-b-0 text-fail">Features Failed</p>
<h3>1</h3>
</div></div>
</div>
</div>
<div class="row">
<div class="col-md-4">
<div class="card">
<div class="card-header">
<h6 class="card-title">Features</h6>
</div>
<div class="card-body">
<div class="">
<canvas id='parent-analysis' width='115' height='90'></canvas>
</div>
</div>
<div class="card-footer">
<div><small data-tooltip='0%'>
<b>0</b> features passed
</small>
</div>
<div>
<small data-tooltip='100%'><b>1</b> features failed,
<b>0</b> skipped, <b data-tooltip='0%'>0</b> others
</small>
</div>
</div>
</div>
</div>
<div class="col-md-4">
<div class="card">
<div class="card-header">
<h6 class="card-title">Scenarios</h6>
</div>
<div class="card-body">
<div class="">
<canvas id='child-analysis' width='115' height='90'></canvas>
</div>
</div>
<div class="card-footer">
<div><small data-tooltip='80%'><b>4</b> scenarios passed</small></div>
<div>
<small data-tooltip='20%'><b>1</b> scenarios failed,
<b>0</b> skipped, <b data-tooltip='%'>0</b> others
</small>
</div>
</div>
</div>
</div>
<div class="col-md-4">
<div class="card">
<div class="card-header">
<h6 class="card-title">Steps</h6>
</div>
<div class="card-body">
<div class="">
<canvas id='grandchild-analysis' width='115' height='90'></canvas>
</div>
</div>
<div class="card-footer">
<div><small data-tooltip='95%'><b>42</b> steps passed</small></div>
<div>
<small data-tooltip='2%'><b>1</b> steps failed,
<b>1</b> skipped, <b data-tooltip='%'>0</b> others
</small>
</div>
</div>
</div>
</div>
</div>
<div class="row"><div class="col-md-12">
<div class="card"><div class="card-header"><p>Timeline</p></div>
<div class="card-body pt-0"><div>
<canvas id="timeline" height="120"></canvas>
</div></div>
</div>
</div></div>
<script>
var timeline = {
"Create free account & sign in Account":163.938
};
</script>
<div class="row">
<div class="col-lg-6 col-md-12 category-container">
<div class="card">
<div class="card-header"><p>Tags</p></div>
<div class="card-body pb-0 pt-0"><table class="table table-sm table-bordered">
<thead><tr class="bg-gray"><th>Name</th><th>Passed</th><th>Failed</th><th>Skipped</th><th>Others</th><th>Passed %</th></tr></thead><tbody>
<tr>
<td>@t2</td>
<td>1</td>
<td>0</td>
<td>0</td>
<td>0</td>
<td>100%</td>
</tr>
<tr>
<td>@t4</td>
<td>1</td>
<td>0</td>
<td>0</td>
<td>0</td>
<td>100%</td>
</tr>
<tr>
<td>@t3</td>
<td>1</td>
<td>0</td>
<td>0</td>
<td>0</td>
<td>100%</td>
</tr>
<tr>
<td>@t1</td>
<td>0</td>
<td>1</td>
<td>0</td>
<td>0</td>
<td>0%</td>
</tr>
<tr>
<td>@t5</td>
<td>1</td>
<td>0</td>
<td>0</td>
<td>0</td>
<td>100%</td>
</tr>
</tbody>
</table></div>
</div>
</div>
</div>
</div>
<script>
var statusGroup = {
parentCount: 5,
passParent: 0,
failParent: 1,
warningParent: 0,
skipParent: 0,
childCount: 5,
passChild: 4,
failChild: 1,
warningChild: 0,
skipChild: 0,
infoChild: 0,
grandChildCount: 5,
passGrandChild: 42,
failGrandChild: 1,
warningGrandChild: 0,
skipGrandChild: 1,
infoGrandChild: 0,
eventsCount: 5,
};
</script>        </div>
      </div>
    </div>
  </div>
<script src="https://cdn.jsdelivr.net/gh/extent-framework/extent-github-cdn@d6562a79075e061305ccfdb82f01e5e195e2d307/spark/js/spark-script.js"></script>
<script type="text/javascript"></script></body>
</html>